<?xml version="1.0" encoding="UTF-8"?>
<!-- Generated by org.testng.reporters.JUnitReportReporter -->
<testsuite skipped="0" hostname="LAPTOP-M0QPG6NR" name="testNGTC.EditLead1" tests="1" failures="0" timestamp="2022-04-27T00:12:51 EDT" time="22.350" errors="0">
  <testcase name="editLead1" time="22.350" classname="testNGTC.EditLead1"/>
</testsuite> <!-- testNGTC.EditLead1 -->
