<?xml version="1.0" encoding="UTF-8"?>
<!-- Generated by org.testng.reporters.JUnitReportReporter -->
<testsuite skipped="0" hostname="LAPTOP-M0QPG6NR" name="tc_Inharritance.DeletLead" tests="1" failures="0" timestamp="2022-04-27T00:58:14 EDT" time="22.062" errors="0">
  <testcase name="deletLead" time="22.062" classname="tc_Inharritance.DeletLead"/>
</testsuite> <!-- tc_Inharritance.DeletLead -->
