<?xml version="1.0" encoding="UTF-8"?>
<!-- Generated by org.testng.reporters.JUnitReportReporter -->
<testsuite skipped="0" hostname="LAPTOP-M0QPG6NR" name="tc_Inharritance.EditLead1" tests="1" failures="0" timestamp="2022-04-27T00:58:14 EDT" time="19.663" errors="0">
  <testcase name="editLead1" time="19.663" classname="tc_Inharritance.EditLead1"/>
</testsuite> <!-- tc_Inharritance.EditLead1 -->
