<?xml version="1.0" encoding="UTF-8"?>
<!-- Generated by org.testng.reporters.JUnitReportReporter -->
<testsuite skipped="0" hostname="LAPTOP-M0QPG6NR" name="tc_Inharritance.CreateLead" tests="1" failures="0" timestamp="2022-04-27T00:58:14 EDT" time="26.480" errors="0">
  <testcase name="createLead" time="26.480" classname="tc_Inharritance.CreateLead"/>
</testsuite> <!-- tc_Inharritance.CreateLead -->
