<?xml version="1.0" encoding="UTF-8"?>
<!-- Generated by org.testng.reporters.JUnitReportReporter -->
<testsuite skipped="0" hostname="LAPTOP-M0QPG6NR" name="steps.RunerFile" tests="3" failures="0" timestamp="2022-06-09T10:55:05 EDT" time="35.420" errors="0">
  <testcase name="runScenario" time="5.027" classname="steps.RunerFile"/>
  <system-out/>
  <testcase name="runScenario" time="7.251" classname="steps.RunerFile"/>
  <system-out/>
  <testcase name="runScenario" time="23.142" classname="steps.RunerFile"/>
  <system-out/>
</testsuite> <!-- steps.RunerFile -->
