<?xml version="1.0" encoding="UTF-8"?>
<!-- Generated by org.testng.reporters.JUnitReportReporter -->
<testsuite skipped="0" hostname="LAPTOP-M0QPG6NR" name="testNGTC.DeletLead" tests="1" failures="0" timestamp="2022-04-27T00:12:51 EDT" time="22.027" errors="0">
  <testcase name="deletLead" time="22.027" classname="testNGTC.DeletLead"/>
</testsuite> <!-- testNGTC.DeletLead -->
