<?xml version="1.0" encoding="UTF-8"?>
<!-- Generated by org.testng.reporters.JUnitReportReporter -->
<testsuite skipped="1" hostname="LAPTOP-M0QPG6NR" name="learnParameters.Parameters_CreateLead" tests="1" failures="0" timestamp="2022-05-21T12:07:16 EDT" time="0.000" errors="0">
  <testcase name="createLead" time="0.000" classname="learnParameters.Parameters_CreateLead">
    <skipped/>
  </testcase> <!-- createLead -->
  <system-out/>
</testsuite> <!-- learnParameters.Parameters_CreateLead -->
